node:internal/modules/cjs/loader:1368
  throw err;
  ^

Error: Cannot find module 'dotenv'
Require stack:
- e:\Heet\B2B\scripts\run-reminders.js
    at Function._resolveFilename (node:internal/modules/cjs/loader:1365:15)
    at defaultResolveImpl (node:internal/modules/cjs/loader:1021:19)
    at resolveForCJSWithHooks (node:internal/modules/cjs/loader:1026:22)
    at Function._load (node:internal/modules/cjs/loader:1175:37)
    at TracingChannel.traceSync (node:diagnostics_channel:322:14)
    at wrapModuleLoad (node:internal/modules/cjs/loader:235:24)
    at Module.require (node:internal/modules/cjs/loader:1445:12)
    at require (node:internal/modules/helpers:135:16)
    at Object.<anonymous> (e:\Heet\B2B\scripts\run-reminders.js:1:1)
    at Module._compile (node:internal/modules/cjs/loader:1688:14) {
  code: 'MODULE_NOT_FOUND',
  requireStack: [ 'e:\\Heet\\B2B\\scripts\\run-reminders.js' ]
}

Node.js v22.18.0
Triggering auto reminders at http://localhost:3000/api/reminders/auto...
Status: 200
Result: {
  "scanned": 0,
  "sentCount": 0,
  "skippedCount": 0,
  "failedCount": 0,
  "failures": []
}
